<?xml version="1.0" encoding="UTF-8"?>
<testsuite xmlns:xsi="http://www.w3.org/2001/XMLSchema-instance" xsi:noNamespaceSchemaLocation="https://maven.apache.org/surefire/maven-surefire-plugin/xsd/surefire-test-report-3.0.xsd" version="3.0" name="br.ifes.dw.helloworld.HelloworldApplicationTests" time="37.064" tests="1" errors="0" skipped="0" failures="0">
  <properties>
[...]
</properties>
  <testcase name="contextLoads" classname="br.ifes.dw.helloworld.HelloworldApplicationTests" time="8.031">
    <system-out><![CDATA[12:46:03.522 [main] INFO org.springframework.test.context.support.AnnotationConfigContextLoaderUtils -- Could not detect default configuration classes for test class [br.ifes.dw.helloworld.HelloworldApplicationTests]: HelloworldApplicationTests does not declare any static, non-private, non-final, nested classes annotated with @Configuration.
12:46:04.632 [main] INFO org.springframework.boot.test.context.SpringBootTestContextBootstrapper -- Found @SpringBootConfiguration br.ifes.dw.helloworld.HelloworldApplication for test class br.ifes.dw.helloworld.HelloworldApplicationTests

  .   ____          _            __ _ _
 /\\ / ___'_ __ _ _(_)_ __  __ _ \ \ \ \
( ( )\___ | '_ | '_| | '_ \/ _` | \ \ \ \
 \\/  ___)| |_)| | | | | || (_| |  ) ) ) )
  '  |____| .__|_| |_|_| |_\__, | / / / /
 =========|_|==============|___/=/_/_/_/
 :: Spring Boot ::                (v3.1.3)

2023-09-20T12:46:08.932Z  INFO 24170 --- [           main] b.i.d.h.HelloworldApplicationTests       : Starting HelloworldApplicationTests using Java 17.0.5 with PID 24170 (started by runner in /home/runner/DesWeb/helloworld)
2023-09-20T12:46:08.953Z  INFO 24170 --- [           main] b.i.d.h.HelloworldApplicationTests       : No active profile set, falling back to 1 default profile: "default"
2023-09-20T12:46:30.405Z  INFO 24170 --- [           main] b.i.d.h.HelloworldApplicationTests       : Started HelloworldApplicationTests in 24.416 seconds (process running for 34.849)
]]></system-out>
  </testcase>
</testsuite>